<?xml version="1.0" encoding="UTF-8"?>
<testsuite name="TestSuite" time="84.469" tests="2" errors="0" skipped="0" failures="0">
  <properties>
    <property name="PROCESSOR_ARCHITECTURE" value="AMD64"/>
    <property name="LOGONSERVER" value="\\DESKTOP-11FOP88"/>
    <property name="ProgramData" value="C:\ProgramData"/>
    <property name="java.home" value="C:\Program Files\Java\jdk-11.0.9"/>
    <property name="NODE_NAME" value="master"/>
    <property name="JENKINS_URL" value="http://localhost:8080/"/>
    <property name="ALLUSERSPROFILE" value="C:\ProgramData"/>
    <property name="PSModulePath" value="C:\Program Files\WindowsPowerShell\Modules;C:\WINDOWS\system32\WindowsPowerShell\v1.0\Modules"/>
    <property name="=::" value="::\"/>
    <property name="USERDOMAIN" value="DESKTOP-11FOP88"/>
    <property name="sun.os.patch.level" value=""/>
    <property name="java.vendor.url" value="https://openjdk.java.net/"/>
    <property name="CommonProgramFiles(x86)" value="C:\Program Files (x86)\Common Files"/>
    <property name="java.version" value="11.0.9"/>
    <property name="JOB_NAME" value="HackathonTheImposters"/>
    <property name="COMPUTERNAME" value="DESKTOP-11FOP88"/>
    <property name="java.vendor.url.bug" value="https://bugreport.java.com/bugreport/"/>
    <property name="PUBLIC" value="C:\Users\Public"/>
    <property name="java.version.date" value="2020-10-20"/>
    <property name="jdk.debug" value="release"/>
    <property name="user.name" value="Adarsh singh"/>
    <property name="sun.io.unicode.encoding" value="UnicodeLittle"/>
    <property name="sun.jnu.encoding" value="Cp1252"/>
    <property name="java.runtime.name" value="Java(TM) SE Runtime Environment"/>
    <property name="windir" value="C:\WINDOWS"/>
    <property name="PROCESSOR_IDENTIFIER" value="Intel64 Family 6 Model 158 Stepping 10, GenuineIntel"/>
    <property name="=E:" value="E:\"/>
    <property name="GOOGLE_API_KEY" value="no"/>
    <property name="java.specification.name" value="Java Platform API Specification"/>
    <property name="LOCALAPPDATA" value="C:\Users\Adarsh singh\AppData\Local"/>
    <property name="RUN_CHANGES_DISPLAY_URL" value="http://localhost:8080/job/HackathonTheImposters/5/display/redirect?page=changes"/>
    <property name="user.timezone" value="Asia/Calcutta"/>
    <property name="user.script" value=""/>
    <property name="path.separator" value=";"/>
    <property name="NUMBER_OF_PROCESSORS" value="12"/>
    <property name="BUILD_TAG" value="jenkins-HackathonTheImposters-5"/>
    <property name="file.encoding" value="Cp1252"/>
    <property name="sun.java.command" value="jenkins.maven3.agent.Maven35Main E:\apache-maven-3.6.3 C:\Users\Adarsh singh\.jenkins\war\WEB-INF\lib\remoting-4.5.jar C:\Users\Adarsh singh\.jenkins\plugins\maven-plugin\WEB-INF\lib\maven35-interceptor-1.13.jar C:\Users\Adarsh singh\.jenkins\plugins\maven-plugin\WEB-INF\lib\maven3-interceptor-commons-1.13.jar 62648"/>
    <property name="HUDSON_URL" value="http://localhost:8080/"/>
    <property name="JENKINS_SERVER_COOKIE" value="b23e30f5e594154a"/>
    <property name="EXECUTOR_NUMBER" value="0"/>
    <property name="Path" value="C:\Program Files\Java\jdk-11.0.9/bin;C:\Program Files\Common Files\Oracle\Java\javapath;C:\Windows\system32;C:\Windows;C:\Windows\System32\Wbem;C:\Windows\System32\WindowsPowerShell\v1.0\;C:\Windows\System32\OpenSSH\;C:\Program Files (x86)\NVIDIA Corporation\PhysX\Common;C:\Program Files\Intel\WiFi\bin\;C:\Program Files\Common Files\Intel\WirelessCommon\;C:\Program Files\Common Files\Autodesk Shared\;C:\Program Files\Microsoft SQL Server\120\Tools\Binn\;C:\Program Files (x86)\Java\jre1.8.0_221;C:\Program Files (x86)\Intel\Intel(R) Management Engine Components\DAL;C:\Program Files\Intel\Intel(R) Management Engine Components\DAL;C:\WINDOWS\system32;C:\WINDOWS;C:\WINDOWS\System32\Wbem;C:\WINDOWS\System32\WindowsPowerShell\v1.0\;C:\WINDOWS\System32\OpenSSH\;C:\Program Files\Java\jdk-11.0.9\bin;C:\Users\Adarsh singh\AppData\Local\Programs\Python\Python37\Scripts\;C:\Users\Adarsh singh\AppData\Local\Programs\Python\Python37\;C:\Users\Adarsh singh\AppData\Local\Microsoft\WindowsApps;C:\Program Files\JetBrains\PyCharm Community Edition 2019.2\bin;C:\Program Files\Java\jdk-11.0.9\bin;E:\apache-maven-3.6.3\bin;"/>
    <property name="java.io.tmpdir" value="C:\Users\ADARSH~1\AppData\Local\Temp\"/>
    <property name="APPDATA" value="C:\Users\Adarsh singh\AppData\Roaming"/>
    <property name="user.language" value="en"/>
    <property name="line.separator" value="&#10;"/>
    <property name="BUILD_URL" value="http://localhost:8080/job/HackathonTheImposters/5/"/>
    <property name="INTEL_DEV_REDIST" value="C:\Program Files (x86)\Common Files\Intel\Shared Libraries\"/>
    <property name="M2_HOME" value="E:\apache-maven-3.6.3"/>
    <property name="=C:" value="C:\"/>
    <property name="java.vm.info" value="mixed mode"/>
    <property name="DriverData" value="C:\Windows\System32\Drivers\DriverData"/>
    <property name="sun.desktop" value="windows"/>
    <property name="java.vm.specification.name" value="Java Virtual Machine Specification"/>
    <property name="BUILD_DISPLAY_NAME" value="#5"/>
    <property name="OS" value="Windows_NT"/>
    <property name="guice.disable.misplaced.annotation.check" value="true"/>
    <property name="HUDSON_SERVER_COOKIE" value="b23e30f5e594154a"/>
    <property name="WORKSPACE_TMP" value="C:\Users\Adarsh singh\.jenkins\workspace\HackathonTheImposters@tmp"/>
    <property name="MAVEN_HOME" value="E:\apache-maven-3.6.3"/>
    <property name="SESSIONNAME" value="Console"/>
    <property name="PATHEXT" value=".COM;.EXE;.BAT;.CMD;.VBS;.VBE;.JS;.JSE;.WSF;.WSH;.MSC"/>
    <property name="java.awt.printerjob" value="sun.awt.windows.WPrinterJob"/>
    <property name="maven3.interceptor.common" value="C:\Users\Adarsh singh\.jenkins\plugins\maven-plugin\WEB-INF\lib\maven3-interceptor-commons-1.13.jar"/>
    <property name="CLASSPATH" value=""/>
    <property name="PyCharm Community Edition" value="C:\Program Files\JetBrains\PyCharm Community Edition 2019.2\bin;"/>
    <property name="HOMEPATH" value="\Users\Adarsh singh"/>
    <property name="os.name" value="Windows 10"/>
    <property name="java.specification.vendor" value="Oracle Corporation"/>
    <property name="BUILD_NUMBER" value="5"/>
    <property name="java.vm.name" value="Java HotSpot(TM) 64-Bit Server VM"/>
    <property name="maven3.interceptor" value="C:\Users\Adarsh singh\.jenkins\plugins\maven-plugin\WEB-INF\lib\maven35-interceptor-1.13.jar"/>
    <property name="java.library.path" value="C:\Program Files\Java\jdk-11.0.9\bin;C:\WINDOWS\Sun\Java\bin;C:\WINDOWS\system32;C:\WINDOWS;E:\apache-maven-3.6.3/bin;C:\Program Files\Java\jdk-11.0.9/bin;C:\Program Files\Java\jdk-11.0.9/bin;C:\Program Files\Common Files\Oracle\Java\javapath;C:\Windows\system32;C:\Windows;C:\Windows\System32\Wbem;C:\Windows\System32\WindowsPowerShell\v1.0\;C:\Windows\System32\OpenSSH\;C:\Program Files (x86)\NVIDIA Corporation\PhysX\Common;C:\Program Files\Intel\WiFi\bin\;C:\Program Files\Common Files\Intel\WirelessCommon\;C:\Program Files\Common Files\Autodesk Shared\;C:\Program Files\Microsoft SQL Server\120\Tools\Binn\;C:\Program Files (x86)\Java\jre1.8.0_221;C:\Program Files (x86)\Intel\Intel(R) Management Engine Components\DAL;C:\Program Files\Intel\Intel(R) Management Engine Components\DAL;C:\WINDOWS\system32;C:\WINDOWS;C:\WINDOWS\System32\Wbem;C:\WINDOWS\System32\WindowsPowerShell\v1.0\;C:\WINDOWS\System32\OpenSSH\;C:\Program Files\Java\jdk-11.0.9\bin;C:\Users\Adarsh singh\AppData\Local\Programs\Python\Python37\Scripts\;C:\Users\Adarsh singh\AppData\Local\Programs\Python\Python37\;C:\Users\Adarsh singh\AppData\Local\Microsoft\WindowsApps;C:\Program Files\JetBrains\PyCharm Community Edition 2019.2\bin;C:\Program Files\Java\jdk-11.0.9\bin;E:\apache-maven-3.6.3\bin;;."/>
    <property name="HOMEDRIVE" value="C:"/>
    <property name="POM_GROUPID" value="HackathonProject"/>
    <property name="POM_ARTIFACTID" value="TheImposters"/>
    <property name="java.class.version" value="55.0"/>
    <property name="JOB_URL" value="http://localhost:8080/job/HackathonTheImposters/"/>
    <property name="CUDA_CACHE_MAXSIZE" value="268435456"/>
    <property name="OneDrive" value="C:\Users\Adarsh singh\OneDrive"/>
    <property name="RUN_DISPLAY_URL" value="http://localhost:8080/job/HackathonTheImposters/5/display/redirect"/>
    <property name="JENKINS_HOME" value="C:\Users\Adarsh singh\.jenkins"/>
    <property name="BUILD_ID" value="5"/>
    <property name="TEMP" value="C:\Users\ADARSH~1\AppData\Local\Temp"/>
    <property name="sun.boot.library.path" value="C:\Program Files\Java\jdk-11.0.9\bin"/>
    <property name="sun.management.compiler" value="HotSpot 64-Bit Tiered Compilers"/>
    <property name="java.awt.graphicsenv" value="sun.awt.Win32GraphicsEnvironment"/>
    <property name="user.variant" value=""/>
    <property name="PROCESSOR_REVISION" value="9e0a"/>
    <property name="POM_VERSION" value="0.0.1-SNAPSHOT"/>
    <property name="HUDSON_HOME" value="C:\Users\Adarsh singh\.jenkins"/>
    <property name="ProgramFiles(x86)" value="C:\Program Files (x86)"/>
    <property name="PATH+MAVEN" value="E:\apache-maven-3.6.3/bin"/>
    <property name="USERDOMAIN_ROAMINGPROFILE" value="DESKTOP-11FOP88"/>
    <property name="RUN_ARTIFACTS_DISPLAY_URL" value="http://localhost:8080/job/HackathonTheImposters/5/display/redirect?page=artifacts"/>
    <property name="PROMPT" value="$P$G"/>
    <property name="java.vm.specification.version" value="11"/>
    <property name="JAVA_HOME" value="C:\Program Files\Java\jdk-11.0.9"/>
    <property name="awt.toolkit" value="sun.awt.windows.WToolkit"/>
    <property name="NODE_LABELS" value="master"/>
    <property name="sun.cpu.isalist" value="amd64"/>
    <property name="USERPROFILE" value="C:\Users\Adarsh singh"/>
    <property name="java.vm.compressedOopsMode" value="Zero based"/>
    <property name="JOB_DISPLAY_URL" value="http://localhost:8080/job/HackathonTheImposters/display/redirect"/>
    <property name="os.version" value="10.0"/>
    <property name="user.home" value="C:\Users\Adarsh singh"/>
    <property name="USERNAME" value="Adarsh singh"/>
    <property name="java.vm.vendor" value="Oracle Corporation"/>
    <property name="PROCESSOR_LEVEL" value="6"/>
    <property name="GOOGLE_DEFAULT_CLIENT_ID" value="no"/>
    <property name="CommonProgramW6432" value="C:\Program Files\Common Files"/>
    <property name="user.dir" value="C:\Users\Adarsh singh\eclipse-workspace\TheImposters"/>
    <property name="maven.conf" value="E:\apache-maven-3.6.3\conf"/>
    <property name="ProgramW6432" value="C:\Program Files"/>
    <property name="TMP" value="C:\Users\ADARSH~1\AppData\Local\Temp"/>
    <property name="sun.cpu.endian" value="little"/>
    <property name="SystemDrive" value="C:"/>
    <property name="java.vm.version" value="11.0.9+7-LTS"/>
    <property name="java.class.path" value="C:\Users\Adarsh singh\.jenkins\plugins\maven-plugin\WEB-INF\lib\maven35-agent-1.13.jar;E:\apache-maven-3.6.3\boot\plexus-classworlds-2.6.0.jar;E:\apache-maven-3.6.3/conf/logging"/>
    <property name="org.slf4j.simpleLogger.defaultLogLevel" value="info"/>
    <property name="os.arch" value="amd64"/>
    <property name="OneDriveConsumer" value="C:\Users\Adarsh singh\OneDrive"/>
    <property name="WORKSPACE" value="C:\Users\Adarsh singh\.jenkins\workspace\HackathonTheImposters"/>
    <property name="ComSpec" value="C:\WINDOWS\system32\cmd.exe"/>
    <property name="RUN_TESTS_DISPLAY_URL" value="http://localhost:8080/job/HackathonTheImposters/5/display/redirect?page=tests"/>
    <property name="sun.java.launcher" value="SUN_STANDARD"/>
    <property name="SystemRoot" value="C:\WINDOWS"/>
    <property name="MIC_LD_LIBRARY_PATH" value="C:\Program Files (x86)\Common Files\Intel\Shared Libraries\compiler\lib\mic"/>
    <property name="CommonProgramFiles" value="C:\Program Files\Common Files"/>
    <property name="java.vm.specification.vendor" value="Oracle Corporation"/>
    <property name="file.separator" value="\"/>
    <property name="java.runtime.version" value="11.0.9+7-LTS"/>
    <property name="ProgramFiles" value="C:\Program Files"/>
    <property name="PATH+JDK" value="C:\Program Files\Java\jdk-11.0.9/bin"/>
    <property name="user.country" value="IN"/>
    <property name="POM_PACKAGING" value="jar"/>
    <property name="maven.home" value="E:\apache-maven-3.6.3"/>
    <property name="JOB_BASE_NAME" value="HackathonTheImposters"/>
    <property name="java.vendor.version" value="18.9"/>
    <property name="java.vendor" value="Oracle Corporation"/>
    <property name="GOOGLE_DEFAULT_CLIENT_SECRET" value="no"/>
    <property name="java.specification.version" value="11"/>
    <property name="POM_DISPLAYNAME" value="TheImposters"/>
    <property name="sun.arch.data.model" value="64"/>
  </properties>
  <testcase name="invokebrowser" classname="testClass.TestUrbanLadder" time="7.171"/>
  <testcase name="testing" classname="testClass.TestUrbanLadder" time="77.298"/>
</testsuite>