<?xml version="1.0" encoding="UTF-8"?>
<!-- Generated by org.testng.reporters.JUnitReportReporter -->
<testsuite hostname="DESKTOP-11FOP88" failures="0" tests="2" name="testClass.TestUrbanLadder" time="84.470" errors="0" timestamp="02 Nov 2020 04:14:34 GMT" skipped="0">
  <testcase classname="testClass.TestUrbanLadder" name="invokebrowser" time="7.172"/>
  <testcase classname="testClass.TestUrbanLadder" name="testing" time="77.298"/>
</testsuite> <!-- testClass.TestUrbanLadder -->
